#
# There is insufficient memory for the Java Runtime Environment to continue.
# Native memory allocation (malloc) failed to allocate 32744 bytes for ChunkPool::allocate
# Possible reasons:
#   The system is out of physical RAM or swap space
#   The process is running with CompressedOops enabled, and the Java Heap may be blocking the growth of the native heap
# Possible solutions:
#   Reduce memory load on the system
#   Increase physical memory or swap space
#   Check if swap backing store is full
#   Decrease Java heap size (-Xmx/-Xms)
#   Decrease number of Java threads
#   Decrease Java thread stack sizes (-Xss)
#   Set larger code cache with -XX:ReservedCodeCacheSize=
#   JVM is running with Unscaled Compressed Oops mode in which the Java heap is
#     placed in the first 4GB address space. The Java Heap base address is the
#     maximum limit for the native heap growth. Please use -XX:HeapBaseMinAddress
#     to set the Java Heap base and to place the Java Heap above 4GB virtual address.
# This output file may be truncated or incomplete.
#
#  Out of Memory Error (allocation.cpp:272), pid=1636, tid=0x0000000000002584
#
# JRE version: Java(TM) SE Runtime Environment (8.0_241-b07) (build 1.8.0_241-b07)
# Java VM: Java HotSpot(TM) 64-Bit Server VM (25.241-b07 mixed mode windows-amd64 compressed oops)
# Failed to write core dump. Minidumps are not enabled by default on client versions of Windows
#

---------------  T H R E A D  ---------------

Current thread (0x0000000019353000):  JavaThread "C2 CompilerThread0" daemon [_thread_in_native, id=9604, stack(0x0000000019b20000,0x0000000019c20000)]

Stack: [0x0000000019b20000,0x0000000019c20000]
[error occurred during error reporting (printing stack bounds), id 0xc0000005]

Native frames: (J=compiled Java code, j=interpreted, Vv=VM code, C=native code)


Current CompileTask:
C2:   1513 1463       4       java.net.URLClassLoader$1::run (5 bytes)


---------------  P R O C E S S  ---------------

Java Threads: ( => current thread )
  0x00000000193ed000 JavaThread "Service Thread" daemon [_thread_blocked, id=11152, stack(0x0000000019f20000,0x000000001a020000)]
  0x000000001937d000 JavaThread "C1 CompilerThread3" daemon [_thread_blocked, id=688, stack(0x0000000019e20000,0x0000000019f20000)]
  0x000000001935c800 JavaThread "C2 CompilerThread2" daemon [_thread_in_native, id=9804, stack(0x0000000019d20000,0x0000000019e20000)]
  0x0000000019358800 JavaThread "C2 CompilerThread1" daemon [_thread_in_native, id=9680, stack(0x0000000019c20000,0x0000000019d20000)]
=>0x0000000019353000 JavaThread "C2 CompilerThread0" daemon [_thread_in_native, id=9604, stack(0x0000000019b20000,0x0000000019c20000)]
  0x0000000019350000 JavaThread "Attach Listener" daemon [_thread_blocked, id=13040, stack(0x0000000019a20000,0x0000000019b20000)]
  0x000000001934f000 JavaThread "Signal Dispatcher" daemon [_thread_blocked, id=10340, stack(0x0000000019920000,0x0000000019a20000)]
  0x0000000019340800 JavaThread "Finalizer" daemon [_thread_blocked, id=9640, stack(0x0000000019820000,0x0000000019920000)]
  0x0000000002e88000 JavaThread "Reference Handler" daemon [_thread_blocked, id=15348, stack(0x0000000019720000,0x0000000019820000)]
  0x0000000002d92800 JavaThread "main" [_thread_in_native, id=7268, stack(0x0000000002bb0000,0x0000000002cb0000)]

Other Threads:
  0x0000000017537800 VMThread [stack: 0x0000000019220000,0x0000000019320000] [id=13548]
  0x00000000193c7800 WatcherThread [stack: 0x000000001a020000,0x000000001a120000] [id=440]

VM state:not at safepoint (normal execution)

VM Mutex/Monitor currently owned by a thread: None

heap address: 0x0000000090c00000, size: 1780 MB, Compressed Oops mode: 32-bit
Narrow klass base: 0x0000000000000000, Narrow klass shift: 3
Compressed class space size: 1073741824 Address: 0x0000000100000000

Heap:
 PSYoungGen      total 61952K, used 20743K [0x00000000daf00000, 0x00000000df000000, 0x0000000100000000)
  eden space 57344K, 36% used [0x00000000daf00000,0x00000000dc341f80,0x00000000de700000)
  from space 4608K, 0% used [0x00000000de700000,0x00000000de700000,0x00000000deb80000)
  to   space 4608K, 0% used [0x00000000deb80000,0x00000000deb80000,0x00000000df000000)
 ParOldGen       total 51200K, used 4246K [0x0000000090c00000, 0x0000000093e00000, 0x00000000daf00000)
  object space 51200K, 8% used [0x0000000090c00000,0x0000000091025b28,0x0000000093e00000)
 Metaspace       used 14710K, capacity 15064K, committed 15232K, reserved 1064960K
  class space    used 1825K, capacity 1915K, committed 1920K, reserved 1048576K

Card table byte_map: [0x0000000012250000,0x00000000125d0000] byte_map_base: 0x0000000011dca000

Marking Bits: (ParMarkBitMap*) 0x000000006343be30
 Begin Bits: [0x0000000013030000, 0x0000000014c00000)
 End Bits:   [0x0000000014c00000, 0x00000000167d0000)

Polling page: 0x0000000001310000

CodeCache: size=245760Kb used=5992Kb max_used=5992Kb free=239767Kb
 bounds [0x0000000002e90000, 0x0000000003470000, 0x0000000011e90000]
 total_blobs=2102 nmethods=1760 adapters=253
 compilation: enabled

Compilation events (10 events):
Event: 1.492 Thread 0x000000001937d000 1764       1       org.apache.maven.plugin.descriptor.Parameter::getImplementation (5 bytes)
Event: 1.493 Thread 0x000000001937d000 nmethod 1764 0x0000000003468ad0 code [0x0000000003468c20, 0x0000000003468d30]
Event: 1.493 Thread 0x000000001937d000 1765       3       java.util.LinkedList$ListItr::hasNext (20 bytes)
Event: 1.493 Thread 0x000000001937d000 nmethod 1765 0x0000000003468d90 code [0x0000000003468ee0, 0x0000000003469090]
Event: 1.501 Thread 0x000000001937d000 1766       1       java.nio.HeapByteBuffer::ix (7 bytes)
Event: 1.502 Thread 0x000000001937d000 nmethod 1766 0x0000000003469150 code [0x00000000034692a0, 0x00000000034693b0]
Event: 1.502 Thread 0x000000001937d000 1768       3       org.eclipse.sisu.wire.EntryListAdapter$ValueIterator::next (18 bytes)
Event: 1.503 Thread 0x000000001937d000 nmethod 1768 0x0000000003469410 code [0x00000000034695a0, 0x0000000003469978]
Event: 1.509 Thread 0x000000001937d000 1769       3       org.codehaus.plexus.util.xml.pull.MXParser::skipS (18 bytes)
Event: 1.510 Thread 0x000000001937d000 nmethod 1769 0x000000000346af90 code [0x000000000346b120, 0x000000000346b4e8]

GC Heap History (8 events):
Event: 0.559 GC heap before
{Heap before GC invocations=1 (full 0):
 PSYoungGen      total 33280K, used 28672K [0x00000000daf00000, 0x00000000dd400000, 0x0000000100000000)
  eden space 28672K, 100% used [0x00000000daf00000,0x00000000dcb00000,0x00000000dcb00000)
  from space 4608K, 0% used [0x00000000dcf80000,0x00000000dcf80000,0x00000000dd400000)
  to   space 4608K, 0% used [0x00000000dcb00000,0x00000000dcb00000,0x00000000dcf80000)
 ParOldGen       total 76800K, used 0K [0x0000000090c00000, 0x0000000095700000, 0x00000000daf00000)
  object space 76800K, 0% used [0x0000000090c00000,0x0000000090c00000,0x0000000095700000)
 Metaspace       used 7745K, capacity 8008K, committed 8320K, reserved 1056768K
  class space    used 978K, capacity 1052K, committed 1152K, reserved 1048576K
Event: 0.565 GC heap after
Heap after GC invocations=1 (full 0):
 PSYoungGen      total 33280K, used 4598K [0x00000000daf00000, 0x00000000df000000, 0x0000000100000000)
  eden space 28672K, 0% used [0x00000000daf00000,0x00000000daf00000,0x00000000dcb00000)
  from space 4608K, 99% used [0x00000000dcb00000,0x00000000dcf7d910,0x00000000dcf80000)
  to   space 4608K, 0% used [0x00000000deb80000,0x00000000deb80000,0x00000000df000000)
 ParOldGen       total 76800K, used 139K [0x0000000090c00000, 0x0000000095700000, 0x00000000daf00000)
  object space 76800K, 0% used [0x0000000090c00000,0x0000000090c22ff0,0x0000000095700000)
 Metaspace       used 7745K, capacity 8008K, committed 8320K, reserved 1056768K
  class space    used 978K, capacity 1052K, committed 1152K, reserved 1048576K
}
Event: 0.894 GC heap before
{Heap before GC invocations=2 (full 0):
 PSYoungGen      total 33280K, used 33270K [0x00000000daf00000, 0x00000000df000000, 0x0000000100000000)
  eden space 28672K, 100% used [0x00000000daf00000,0x00000000dcb00000,0x00000000dcb00000)
  from space 4608K, 99% used [0x00000000dcb00000,0x00000000dcf7d910,0x00000000dcf80000)
  to   space 4608K, 0% used [0x00000000deb80000,0x00000000deb80000,0x00000000df000000)
 ParOldGen       total 76800K, used 139K [0x0000000090c00000, 0x0000000095700000, 0x00000000daf00000)
  object space 76800K, 0% used [0x0000000090c00000,0x0000000090c22ff0,0x0000000095700000)
 Metaspace       used 11244K, capacity 11458K, committed 11520K, reserved 1058816K
  class space    used 1423K, capacity 1514K, committed 1536K, reserved 1048576K
Event: 0.902 GC heap after
Heap after GC invocations=2 (full 0):
 PSYoungGen      total 61952K, used 4602K [0x00000000daf00000, 0x00000000df000000, 0x0000000100000000)
  eden space 57344K, 0% used [0x00000000daf00000,0x00000000daf00000,0x00000000de700000)
  from space 4608K, 99% used [0x00000000deb80000,0x00000000deffe858,0x00000000df000000)
  to   space 4608K, 0% used [0x00000000de700000,0x00000000de700000,0x00000000deb80000)
 ParOldGen       total 76800K, used 2154K [0x0000000090c00000, 0x0000000095700000, 0x00000000daf00000)
  object space 76800K, 2% used [0x0000000090c00000,0x0000000090e1a9a0,0x0000000095700000)
 Metaspace       used 11244K, capacity 11458K, committed 11520K, reserved 1058816K
  class space    used 1423K, capacity 1514K, committed 1536K, reserved 1048576K
}
Event: 1.081 GC heap before
{Heap before GC invocations=3 (full 0):
 PSYoungGen      total 61952K, used 15155K [0x00000000daf00000, 0x00000000df000000, 0x0000000100000000)
  eden space 57344K, 18% used [0x00000000daf00000,0x00000000db94e5a0,0x00000000de700000)
  from space 4608K, 99% used [0x00000000deb80000,0x00000000deffe858,0x00000000df000000)
  to   space 4608K, 0% used [0x00000000de700000,0x00000000de700000,0x00000000deb80000)
 ParOldGen       total 76800K, used 2154K [0x0000000090c00000, 0x0000000095700000, 0x00000000daf00000)
  object space 76800K, 2% used [0x0000000090c00000,0x0000000090e1a9a0,0x0000000095700000)
 Metaspace       used 12406K, capacity 12590K, committed 12800K, reserved 1064960K
  class space    used 1592K, capacity 1676K, committed 1792K, reserved 1048576K
Event: 1.086 GC heap after
Heap after GC invocations=3 (full 0):
 PSYoungGen      total 61952K, used 4376K [0x00000000daf00000, 0x00000000df000000, 0x0000000100000000)
  eden space 57344K, 0% used [0x00000000daf00000,0x00000000daf00000,0x00000000de700000)
  from space 4608K, 94% used [0x00000000de700000,0x00000000deb46160,0x00000000deb80000)
  to   space 4608K, 0% used [0x00000000deb80000,0x00000000deb80000,0x00000000df000000)
 ParOldGen       total 76800K, used 2162K [0x0000000090c00000, 0x0000000095700000, 0x00000000daf00000)
  object space 76800K, 2% used [0x0000000090c00000,0x0000000090e1c9a0,0x0000000095700000)
 Metaspace       used 12406K, capacity 12590K, committed 12800K, reserved 1064960K
  class space    used 1592K, capacity 1676K, committed 1792K, reserved 1048576K
}
Event: 1.086 GC heap before
{Heap before GC invocations=4 (full 1):
 PSYoungGen      total 61952K, used 4376K [0x00000000daf00000, 0x00000000df000000, 0x0000000100000000)
  eden space 57344K, 0% used [0x00000000daf00000,0x00000000daf00000,0x00000000de700000)
  from space 4608K, 94% used [0x00000000de700000,0x00000000deb46160,0x00000000deb80000)
  to   space 4608K, 0% used [0x00000000deb80000,0x00000000deb80000,0x00000000df000000)
 ParOldGen       total 76800K, used 2162K [0x0000000090c00000, 0x0000000095700000, 0x00000000daf00000)
  object space 76800K, 2% used [0x0000000090c00000,0x0000000090e1c9a0,0x0000000095700000)
 Metaspace       used 12406K, capacity 12590K, committed 12800K, reserved 1064960K
  class space    used 1592K, capacity 1676K, committed 1792K, reserved 1048576K
Event: 1.110 GC heap after
Heap after GC invocations=4 (full 1):
 PSYoungGen      total 61952K, used 0K [0x00000000daf00000, 0x00000000df000000, 0x0000000100000000)
  eden space 57344K, 0% used [0x00000000daf00000,0x00000000daf00000,0x00000000de700000)
  from space 4608K, 0% used [0x00000000de700000,0x00000000de700000,0x00000000deb80000)
  to   space 4608K, 0% used [0x00000000deb80000,0x00000000deb80000,0x00000000df000000)
 ParOldGen       total 51200K, used 4246K [0x0000000090c00000, 0x0000000093e00000, 0x00000000daf00000)
  object space 51200K, 8% used [0x0000000090c00000,0x0000000091025b28,0x0000000093e00000)
 Metaspace       used 12406K, capacity 12590K, committed 12800K, reserved 1062912K
  class space    used 1592K, capacity 1676K, committed 1792K, reserved 1048576K
}

Deoptimization events (10 events):
Event: 1.117 Thread 0x0000000002d92800 Uncommon trap: reason=unstable_if action=reinterpret pc=0x0000000003292118 method=java.lang.reflect.Modifier.isSynthetic(I)Z @ 5
Event: 1.117 Thread 0x0000000002d92800 Uncommon trap: reason=unstable_if action=reinterpret pc=0x00000000032a71f0 method=java.lang.reflect.Modifier.isSynthetic(I)Z @ 5
Event: 1.205 Thread 0x0000000002d92800 Uncommon trap: reason=unstable_if action=reinterpret pc=0x000000000317f9c8 method=org.codehaus.plexus.util.xml.pull.MXParser.parseStartTag()I @ 443
Event: 1.297 Thread 0x0000000002d92800 Uncommon trap: reason=unstable_if action=reinterpret pc=0x000000000305a124 method=java.lang.String.replace(CC)Ljava/lang/String; @ 2
Event: 1.319 Thread 0x0000000002d92800 Uncommon trap: reason=predicate action=maybe_recompile pc=0x00000000032af164 method=java.lang.String.regionMatches(ZILjava/lang/String;II)Z @ 63
Event: 1.382 Thread 0x0000000002d92800 Uncommon trap: reason=unstable_if action=reinterpret pc=0x00000000033cc65c method=org.codehaus.plexus.util.xml.pull.MXParser.nextImpl()I @ 879
Event: 1.386 Thread 0x0000000002d92800 Uncommon trap: reason=unstable_if action=reinterpret pc=0x0000000003118d7c method=sun.nio.cs.UTF_8$Decoder.decode([BII[C)I @ 30
Event: 1.386 Thread 0x0000000002d92800 Uncommon trap: reason=unstable_if action=reinterpret pc=0x000000000312ab00 method=sun.nio.cs.UTF_8$Decoder.decodeArrayLoop(Ljava/nio/ByteBuffer;Ljava/nio/CharBuffer;)Ljava/nio/charset/CoderResult; @ 84
Event: 1.419 Thread 0x0000000002d92800 Uncommon trap: reason=unstable_if action=reinterpret pc=0x000000000323e2fc method=java.util.HashMap.hash(Ljava/lang/Object;)I @ 1
Event: 1.419 Thread 0x0000000002d92800 Uncommon trap: reason=unstable_if action=reinterpret pc=0x00000000031b97a8 method=java.util.HashMap.hash(Ljava/lang/Object;)I @ 1

Classes redefined (0 events):
No events

Internal exceptions (10 events):
Event: 1.035 Thread 0x0000000002d92800 Exception <a 'java/lang/NoClassDefFoundError'> (0x00000000db6ba398) thrown at [C:\ade\jenkins\workspace\8-2-build-windows-amd64-cygwin\jdk8u241\331\hotspot\src\share\vm\prims\jvm.cpp, line 1506]
Event: 1.036 Thread 0x0000000002d92800 Exception <a 'java/lang/NoClassDefFoundError': javax/annotation/Priority> (0x00000000db6bec88) thrown at [C:\ade\jenkins\workspace\8-2-build-windows-amd64-cygwin\jdk8u241\331\hotspot\src\share\vm\classfile\systemDictionary.cpp, line 199]
Event: 1.240 Thread 0x0000000002d92800 Exception <a 'java/lang/NullPointerException'> (0x00000000db582868) thrown at [C:\ade\jenkins\workspace\8-2-build-windows-amd64-cygwin\jdk8u241\331\hotspot\src\share\vm\interpreter\linkResolver.cpp, line 1185]
Event: 1.240 Thread 0x0000000002d92800 Exception <a 'java/lang/NullPointerException'> (0x00000000db582a80) thrown at [C:\ade\jenkins\workspace\8-2-build-windows-amd64-cygwin\jdk8u241\331\hotspot\src\share\vm\interpreter\linkResolver.cpp, line 1185]
Event: 1.240 Thread 0x0000000002d92800 Exception <a 'java/lang/NullPointerException'> (0x00000000db582c98) thrown at [C:\ade\jenkins\workspace\8-2-build-windows-amd64-cygwin\jdk8u241\331\hotspot\src\share\vm\interpreter\linkResolver.cpp, line 1185]
Event: 1.241 Thread 0x0000000002d92800 Exception <a 'java/lang/NullPointerException'> (0x00000000db592f48) thrown at [C:\ade\jenkins\workspace\8-2-build-windows-amd64-cygwin\jdk8u241\331\hotspot\src\share\vm\interpreter\linkResolver.cpp, line 1185]
Event: 1.241 Thread 0x0000000002d92800 Exception <a 'java/lang/NullPointerException'> (0x00000000db593160) thrown at [C:\ade\jenkins\workspace\8-2-build-windows-amd64-cygwin\jdk8u241\331\hotspot\src\share\vm\interpreter\linkResolver.cpp, line 1185]
Event: 1.241 Thread 0x0000000002d92800 Exception <a 'java/lang/NullPointerException'> (0x00000000db593378) thrown at [C:\ade\jenkins\workspace\8-2-build-windows-amd64-cygwin\jdk8u241\331\hotspot\src\share\vm\interpreter\linkResolver.cpp, line 1185]
Event: 1.419 Thread 0x0000000002d92800 Implicit null exception at 0x000000000323e115 to 0x000000000323e2ed
Event: 1.419 Thread 0x0000000002d92800 Implicit null exception at 0x00000000031b972f to 0x00000000031b9799

Events (10 events):
Event: 1.490 Thread 0x0000000002d92800 DEOPT PACKING pc=0x0000000003402edb sp=0x0000000002cad470
Event: 1.490 Thread 0x0000000002d92800 DEOPT UNPACKING pc=0x0000000002ed7490 sp=0x0000000002cad270 mode 0
Event: 1.496 Thread 0x0000000002d92800 DEOPT PACKING pc=0x00000000033f361a sp=0x0000000002cad620
Event: 1.496 Thread 0x0000000002d92800 DEOPT UNPACKING pc=0x0000000002ed7490 sp=0x0000000002cad4c8 mode 0
Event: 1.501 Thread 0x0000000002d92800 DEOPT PACKING pc=0x0000000003402edb sp=0x0000000002cad500
Event: 1.501 Thread 0x0000000002d92800 DEOPT UNPACKING pc=0x0000000002ed7490 sp=0x0000000002cad300 mode 0
Event: 1.509 Thread 0x0000000002d92800 DEOPT PACKING pc=0x0000000003403003 sp=0x0000000002cad500
Event: 1.509 Thread 0x0000000002d92800 DEOPT UNPACKING pc=0x0000000002ed7490 sp=0x0000000002cad300 mode 0
Event: 1.511 Thread 0x0000000002d92800 DEOPT PACKING pc=0x0000000003403003 sp=0x0000000002cad3e0
Event: 1.511 Thread 0x0000000002d92800 DEOPT UNPACKING pc=0x0000000002ed7490 sp=0x0000000002cad1e0 mode 0


Dynamic libraries:
0x00007ff7c4e10000 - 0x00007ff7c4e47000 	C:\Program Files\Java\jdk1.8.0_241\bin\java.exe
0x00007ffd54cf0000 - 0x00007ffd54edd000 	C:\WINDOWS\SYSTEM32\ntdll.dll
0x00007ffd528c0000 - 0x00007ffd52973000 	C:\WINDOWS\System32\KERNEL32.DLL
0x00007ffd51520000 - 0x00007ffd517b3000 	C:\WINDOWS\System32\KERNELBASE.dll
0x00007ffd54070000 - 0x00007ffd54113000 	C:\WINDOWS\System32\ADVAPI32.dll
0x00007ffd54c20000 - 0x00007ffd54cbe000 	C:\WINDOWS\System32\msvcrt.dll
0x00007ffd54400000 - 0x00007ffd5449e000 	C:\WINDOWS\System32\sechost.dll
0x00007ffd52000000 - 0x00007ffd52122000 	C:\WINDOWS\System32\RPCRT4.dll
0x00007ffd544a0000 - 0x00007ffd54637000 	C:\WINDOWS\System32\USER32.dll
0x00007ffd50de0000 - 0x00007ffd50e00000 	C:\WINDOWS\System32\win32u.dll
0x00007ffd51f70000 - 0x00007ffd51f99000 	C:\WINDOWS\System32\GDI32.dll
0x00007ffd51030000 - 0x00007ffd511c9000 	C:\WINDOWS\System32\gdi32full.dll
0x00007ffd51460000 - 0x00007ffd51500000 	C:\WINDOWS\System32\msvcp_win.dll
0x00007ffd50f30000 - 0x00007ffd5102a000 	C:\WINDOWS\System32\ucrtbase.dll
0x00007ffd31f80000 - 0x00007ffd321f9000 	C:\WINDOWS\WinSxS\amd64_microsoft.windows.common-controls_6595b64144ccf1df_6.0.17763.1098_none_de762ed45346ee8a\COMCTL32.dll
0x00007ffd522c0000 - 0x00007ffd525ec000 	C:\WINDOWS\System32\combase.dll
0x00007ffd50e00000 - 0x00007ffd50e7e000 	C:\WINDOWS\System32\bcryptPrimitives.dll
0x00007ffd54250000 - 0x00007ffd5427e000 	C:\WINDOWS\System32\IMM32.DLL
0x0000000065590000 - 0x0000000065662000 	C:\Program Files\Java\jdk1.8.0_241\jre\bin\msvcr100.dll
0x0000000062c10000 - 0x00000000634bc000 	C:\Program Files\Java\jdk1.8.0_241\jre\bin\server\jvm.dll
0x00007ffd528b0000 - 0x00007ffd528b8000 	C:\WINDOWS\System32\PSAPI.DLL
0x00007ffd4c670000 - 0x00007ffd4c67a000 	C:\WINDOWS\SYSTEM32\VERSION.dll
0x00007ffd40ef0000 - 0x00007ffd40ef9000 	C:\WINDOWS\SYSTEM32\WSOCK32.dll
0x00007ffd47210000 - 0x00007ffd47234000 	C:\WINDOWS\SYSTEM32\WINMM.dll
0x00007ffd54640000 - 0x00007ffd546ad000 	C:\WINDOWS\System32\WS2_32.dll
0x00007ffd471d0000 - 0x00007ffd471fd000 	C:\WINDOWS\SYSTEM32\WINMMBASE.dll
0x00007ffd51410000 - 0x00007ffd5145a000 	C:\WINDOWS\System32\cfgmgr32.dll
0x00007ffd488c0000 - 0x00007ffd488cf000 	C:\Program Files\Java\jdk1.8.0_241\jre\bin\verify.dll
0x00007ffd3bc70000 - 0x00007ffd3bc99000 	C:\Program Files\Java\jdk1.8.0_241\jre\bin\java.dll
0x00007ffd3bc50000 - 0x00007ffd3bc66000 	C:\Program Files\Java\jdk1.8.0_241\jre\bin\zip.dll
0x00007ffd52b70000 - 0x00007ffd54064000 	C:\WINDOWS\System32\SHELL32.dll
0x00007ffd52800000 - 0x00007ffd528a8000 	C:\WINDOWS\System32\shcore.dll
0x00007ffd517c0000 - 0x00007ffd51f0d000 	C:\WINDOWS\System32\windows.storage.dll
0x00007ffd50d80000 - 0x00007ffd50da4000 	C:\WINDOWS\System32\profapi.dll
0x00007ffd50d00000 - 0x00007ffd50d5d000 	C:\WINDOWS\System32\powrprof.dll
0x00007ffd527a0000 - 0x00007ffd527f2000 	C:\WINDOWS\System32\shlwapi.dll
0x00007ffd50d60000 - 0x00007ffd50d71000 	C:\WINDOWS\System32\kernel.appcore.dll
0x00007ffd51500000 - 0x00007ffd51517000 	C:\WINDOWS\System32\cryptsp.dll
0x00007ffd39e00000 - 0x00007ffd39e1a000 	C:\Program Files\Java\jdk1.8.0_241\jre\bin\net.dll
0x00007ffd504f0000 - 0x00007ffd50557000 	C:\WINDOWS\system32\mswsock.dll
0x00007ffd39de0000 - 0x00007ffd39df2000 	C:\Program Files\Java\jdk1.8.0_241\jre\bin\nio.dll

VM Arguments:
jvm_args: -Dclassworlds.conf=C:\Program Files\NetBeans-11.2\netbeans\java\maven\bin\m2.conf -Dmaven.home=C:\Program Files\NetBeans-11.2\netbeans\java\maven -Dmaven.multiModuleProjectDirectory=C:\Users\Mei\mysterybox2\cafeproject\cafe-Java\CafeProject 
java_command: org.codehaus.plexus.classworlds.launcher.Launcher -Dnetbeans.deploy=true -Dmaven.ext.class.path=C:\Program Files\NetBeans-11.2\netbeans\java\maven-nblib\netbeans-eventspy.jar package
java_class_path (initial): C:\Program Files\NetBeans-11.2\netbeans\java\maven\boot\plexus-classworlds-2.5.2.jar
Launcher Type: SUN_STANDARD

Environment Variables:
JAVA_HOME=C:\Program Files\Java\jdk1.8.0_241
PATH=C:\Program Files\Java\jdk-13.0.2\bin;C:\Python27\;C:\Python27\Scripts;C:\Windows\system32;C:\Windows;C:\Windows\System32\Wbem;C:\Windows\System32\WindowsPowerShell\v1.0\;C:\Windows\System32\OpenSSH\;C:\Program Files (x86)\NVIDIA Corporation\PhysX\Common;C:\Program Files\NVIDIA Corporation\NVIDIA NvDLISR;C:\Program Files\Intel\WiFi\bin\;C:\Program Files\Common Files\Intel\WirelessCommon\;C:\WINDOWS\system32;C:\WINDOWS;C:\WINDOWS\System32\Wbem;C:\Program Files (x86)\Common Files\Oracle\Java\javapath;C:\WINDOWS\System32\WindowsPowerShell\v1.0\;C:\WINDOWS\System32\OpenSSH\;C:\Program Files\Git\cmd;C:\Program Files\nodejs\;C:\ProgramData\chocolatey\bin;C:\Users\Mei\AppData\Local\Microsoft\WindowsApps;;C:\Users\Mei\AppData\Local\Programs\Microsoft VS Code\bin;C:\Users\Mei\AppData\Roaming\npm
USERNAME=Mei
OS=Windows_NT
PROCESSOR_IDENTIFIER=AMD64 Family 23 Model 17 Stepping 0, AuthenticAMD



---------------  S Y S T E M  ---------------

OS: Windows 10.0 , 64 bit Build 17763 (10.0.17763.475)

CPU:total 8 (initial active 8) (8 cores per cpu, 1 threads per core) family 23 model 17 stepping 0, cmov, cx8, fxsr, mmx, sse, sse2, sse3, ssse3, sse4.1, sse4.2, popcnt, avx, avx2, aes, clmul, mmxext, 3dnowpref, lzcnt, sse4a, tsc, tscinvbit, tscinv, bmi1

Memory: 4k page, physical 7286916k(440348k free), swap 29307012k(640k free)

vm_info: Java HotSpot(TM) 64-Bit Server VM (25.241-b07) for windows-amd64 JRE (1.8.0_241-b07), built on Dec 11 2019 10:21:40 by "rejava" with MS VC++ 10.0 (VS2010)

time: Wed Mar 18 22:41:52 2020
timezone: 
elapsed time: 1 seconds (0d 0h 0m 1s)

